# JRE version: Java(TM) SE Runtime Environment (8.0_172-b11) (build 1.8.0_172-b11)
# Java VM: Java HotSpot(TM) 64-Bit Server VM (25.172-b11 mixed mode windows-amd64 )
Heap:
 par new generation   total 313408K, used 67658K [0x0000000080000000, 0x0000000095410000, 0x00000000ce000000)
  eden space 278592K,  24% used [0x0000000080000000, 0x0000000084212948, 0x0000000091010000)
  from space 34816K,   0% used [0x0000000091010000, 0x0000000091010000, 0x0000000093210000)
  to   space 34816K,   0% used [0x0000000093210000, 0x0000000093210000, 0x0000000095410000)
 concurrent mark-sweep generation total 696320K, used 16527K [0x00000000ce000000, 0x00000000f8800000, 0x0000000c70800000)
 Metaspace       used 16594K, capacity 16988K, committed 17152K, reserved 18432K
GC Heap History (10 events):
Event: 54719.903 GC heap before
{Heap before GC invocations=18 (full 24):
 par new generation   total 313408K, used 0K [0x0000000080000000, 0x0000000095410000, 0x00000000ce000000)
  eden space 278592K,   0% used [0x0000000080000000, 0x0000000080000000, 0x0000000091010000)
  from space 34816K,   0% used [0x0000000091010000, 0x0000000091010000, 0x0000000093210000)
  to   space 34816K,   0% used [0x0000000093210000, 0x0000000093210000, 0x0000000095410000)
 concurrent mark-sweep generation total 696320K, used 16864K [0x00000000ce000000, 0x00000000f8800000, 0x0000000c70800000)
 Metaspace       used 16503K, capacity 16969K, committed 17152K, reserved 18432K
Event: 54719.996 GC heap after
Heap after GC invocations=19 (full 25):
 par new generation   total 313408K, used 0K [0x0000000080000000, 0x0000000095410000, 0x00000000ce000000)
  eden space 278592K,   0% used [0x0000000080000000, 0x0000000080000000, 0x0000000091010000)
  from space 34816K,   0% used [0x0000000091010000, 0x0000000091010000, 0x0000000093210000)
  to   space 34816K,   0% used [0x0000000093210000, 0x0000000093210000, 0x0000000095410000)
 concurrent mark-sweep generation total 696320K, used 16530K [0x00000000ce000000, 0x00000000f8800000, 0x0000000c70800000)
 Metaspace       used 16478K, capacity 16919K, committed 17152K, reserved 18432K
}
Event: 58320.002 GC heap before
{Heap before GC invocations=19 (full 26):
 par new generation   total 313408K, used 2786K [0x0000000080000000, 0x0000000095410000, 0x00000000ce000000)
  eden space 278592K,   1% used [0x0000000080000000, 0x00000000802b8848, 0x0000000091010000)
  from space 34816K,   0% used [0x0000000091010000, 0x0000000091010000, 0x0000000093210000)
  to   space 34816K,   0% used [0x0000000093210000, 0x0000000093210000, 0x0000000095410000)
 concurrent mark-sweep generation total 696320K, used 16530K [0x00000000ce000000, 0x00000000f8800000, 0x0000000c70800000)
 Metaspace       used 16480K, capacity 16919K, committed 17152K, reserved 18432K
Event: 58320.083 GC heap after
Heap after GC invocations=20 (full 27):
 par new generation   total 313408K, used 0K [0x0000000080000000, 0x0000000095410000, 0x00000000ce000000)
  eden space 278592K,   0% used [0x0000000080000000, 0x0000000080000000, 0x0000000091010000)
  from space 34816K,   0% used [0x0000000091010000, 0x0000000091010000, 0x0000000093210000)
  to   space 34816K,   0% used [0x0000000093210000, 0x0000000093210000, 0x0000000095410000)
 concurrent mark-sweep generation total 696320K, used 16530K [0x00000000ce000000, 0x00000000f8800000, 0x0000000c70800000)
 Metaspace       used 16480K, capacity 16919K, committed 17152K, reserved 18432K
}
Event: 61920.084 GC heap before
{Heap before GC invocations=20 (full 27):
 par new generation   total 313408K, used 0K [0x0000000080000000, 0x0000000095410000, 0x00000000ce000000)
  eden space 278592K,   0% used [0x0000000080000000, 0x0000000080000000, 0x0000000091010000)
  from space 34816K,   0% used [0x0000000091010000, 0x0000000091010000, 0x0000000093210000)
  to   space 34816K,   0% used [0x0000000093210000, 0x0000000093210000, 0x0000000095410000)
 concurrent mark-sweep generation total 696320K, used 16530K [0x00000000ce000000, 0x00000000f8800000, 0x0000000c70800000)
 Metaspace       used 16480K, capacity 16919K, committed 17152K, reserved 18432K
Event: 61920.130 GC heap after
Heap after GC invocations=21 (full 28):
 par new generation   total 313408K, used 0K [0x0000000080000000, 0x0000000095410000, 0x00000000ce000000)
  eden space 278592K,   0% used [0x0000000080000000, 0x0000000080000000, 0x0000000091010000)
  from space 34816K,   0% used [0x0000000091010000, 0x0000000091010000, 0x0000000093210000)
  to   space 34816K,   0% used [0x0000000093210000, 0x0000000093210000, 0x0000000095410000)
 concurrent mark-sweep generation total 696320K, used 16530K [0x00000000ce000000, 0x00000000f8800000, 0x0000000c70800000)
 Metaspace       used 16480K, capacity 16919K, committed 17152K, reserved 18432K
}
Event: 65520.135 GC heap before
{Heap before GC invocations=21 (full 29):
 par new generation   total 313408K, used 3347K [0x0000000080000000, 0x0000000095410000, 0x00000000ce000000)
  eden space 278592K,   1% used [0x0000000080000000, 0x0000000080344c00, 0x0000000091010000)
  from space 34816K,   0% used [0x0000000091010000, 0x0000000091010000, 0x0000000093210000)
  to   space 34816K,   0% used [0x0000000093210000, 0x0000000093210000, 0x0000000095410000)
 concurrent mark-sweep generation total 696320K, used 16530K [0x00000000ce000000, 0x00000000f8800000, 0x0000000c70800000)
 Metaspace       used 16500K, capacity 16919K, committed 17152K, reserved 18432K
Event: 65520.235 GC heap after
Heap after GC invocations=22 (full 30):
 par new generation   total 313408K, used 0K [0x0000000080000000, 0x0000000095410000, 0x00000000ce000000)
  eden space 278592K,   0% used [0x0000000080000000, 0x0000000080000000, 0x0000000091010000)
  from space 34816K,   0% used [0x0000000091010000, 0x0000000091010000, 0x0000000093210000)
  to   space 34816K,   0% used [0x0000000093210000, 0x0000000093210000, 0x0000000095410000)
 concurrent mark-sweep generation total 696320K, used 16541K [0x00000000ce000000, 0x00000000f8800000, 0x0000000c70800000)
 Metaspace       used 16500K, capacity 16919K, committed 17152K, reserved 18432K
}
Event: 69120.292 GC heap before
{Heap before GC invocations=22 (full 30):
 par new generation   total 313408K, used 6595K [0x0000000080000000, 0x0000000095410000, 0x00000000ce000000)
  eden space 278592K,   2% used [0x0000000080000000, 0x0000000080670e78, 0x0000000091010000)
  from space 34816K,   0% used [0x0000000091010000, 0x0000000091010000, 0x0000000093210000)
  to   space 34816K,   0% used [0x0000000093210000, 0x0000000093210000, 0x0000000095410000)
 concurrent mark-sweep generation total 696320K, used 16541K [0x00000000ce000000, 0x00000000f8800000, 0x0000000c70800000)
 Metaspace       used 16500K, capacity 16919K, committed 17152K, reserved 18432K
Event: 69121.255 GC heap after
Heap after GC invocations=23 (full 31):
 par new generation   total 313408K, used 0K [0x0000000080000000, 0x0000000095410000, 0x00000000ce000000)
  eden space 278592K,   0% used [0x0000000080000000, 0x0000000080000000, 0x0000000091010000)
  from space 34816K,   0% used [0x0000000091010000, 0x0000000091010000, 0x0000000093210000)
  to   space 34816K,   0% used [0x0000000093210000, 0x0000000093210000, 0x0000000095410000)
 concurrent mark-sweep generation total 696320K, used 16527K [0x00000000ce000000, 0x00000000f8800000, 0x0000000c70800000)
 Metaspace       used 16500K, capacity 16919K, committed 17152K, reserved 18432K
}

